<?xml version="1.0" encoding="UTF-8"?>
<TestRun id="749e7337-0c71-419d-ae32-63a862ae8323" name="vjasti@VJASTI-LT 2014-04-01 14:47:29" runUser="CRDHOME\vjasti" xmlns="http://microsoft.com/schemas/VisualStudio/TeamTest/2010">
  <TestSettings name="Local" id="5f9fd84d-a3bb-4311-95f7-7551bf5f83ab">
    <Description>These are default test settings for a local test run.</Description>
    <Deployment enabled="false" runDeploymentRoot="vjasti_VJASTI-LT 2014-04-01 14_47_29">
      <DeploymentItem filename="C:\developer\code\c#\PerformanceCalculator\PerformanceCalculator\bin\Debug\PerformanceCalculator.exe" />
    </Deployment>
    <Execution>
      <TestTypeSpecific />
      <AgentRule name="Execution Agents">
      </AgentRule>
    </Execution>
  </TestSettings>
  <Times creation="2014-04-01T14:47:29.2926912-04:00" queuing="2014-04-01T14:47:29.2996926-04:00" start="2014-04-01T14:47:29.3066940-04:00" finish="2014-04-01T14:47:29.5367400-04:00" />
  <ResultSummary outcome="Failed">
    <Counters total="2" executed="2" passed="1" error="0" failed="1" timeout="0" aborted="0" inconclusive="0" passedButRunAborted="0" notRunnable="0" notExecuted="0" disconnected="0" warning="0" completed="0" inProgress="0" pending="0" />
  </ResultSummary>
  <TestDefinitions>
    <UnitTest name="calculateDailyPnLTest" storage="c:\developer\code\c#\performancecalculator\performancecalculatortest\bin\debug\performancecalculatortest.dll" id="94e02fc0-3e6f-4eff-c08c-cba1cc964723">
      <Execution id="a4be1252-d22a-4929-9096-3739d3f3b2e5" />
      <TestMethod codeBase="C:/developer/code/c#/PerformanceCalculator/PerformanceCalculatorTest/bin/Debug/PerformanceCalculatorTest.DLL" adapterTypeName="Microsoft.VisualStudio.TestTools.TestTypes.Unit.UnitTestAdapter, Microsoft.VisualStudio.QualityTools.Tips.UnitTest.Adapter, Version=10.0.0.0, Culture=neutral, PublicKeyToken=b03f5f7f11d50a3a" className="PerformanceCalculator.CalculatorTest, PerformanceCalculatorTest, Version=1.0.0.0, Culture=neutral, PublicKeyToken=null" name="calculateDailyPnLTest" />
    </UnitTest>
    <UnitTest name="calculateTotalPnLTest" storage="c:\developer\code\c#\performancecalculator\performancecalculatortest\bin\debug\performancecalculatortest.dll" id="843f2ac4-32a2-7f26-9c71-9c6096b99c50">
      <Execution id="426551a5-97ca-4653-b5cf-73f3ec376912" />
      <TestMethod codeBase="C:/developer/code/c#/PerformanceCalculator/PerformanceCalculatorTest/bin/Debug/PerformanceCalculatorTest.DLL" adapterTypeName="Microsoft.VisualStudio.TestTools.TestTypes.Unit.UnitTestAdapter, Microsoft.VisualStudio.QualityTools.Tips.UnitTest.Adapter, Version=10.0.0.0, Culture=neutral, PublicKeyToken=b03f5f7f11d50a3a" className="PerformanceCalculator.CalculatorTest, PerformanceCalculatorTest, Version=1.0.0.0, Culture=neutral, PublicKeyToken=null" name="calculateTotalPnLTest" />
    </UnitTest>
  </TestDefinitions>
  <TestLists>
    <TestList name="Results Not in a List" id="8c84fa94-04c1-424b-9868-57a2d4851a1d" />
    <TestList name="All Loaded Results" id="19431567-8539-422a-85d7-44ee4e166bda" />
  </TestLists>
  <TestEntries>
    <TestEntry testId="843f2ac4-32a2-7f26-9c71-9c6096b99c50" executionId="426551a5-97ca-4653-b5cf-73f3ec376912" testListId="8c84fa94-04c1-424b-9868-57a2d4851a1d" />
    <TestEntry testId="94e02fc0-3e6f-4eff-c08c-cba1cc964723" executionId="a4be1252-d22a-4929-9096-3739d3f3b2e5" testListId="8c84fa94-04c1-424b-9868-57a2d4851a1d" />
  </TestEntries>
  <Results>
    <UnitTestResult executionId="426551a5-97ca-4653-b5cf-73f3ec376912" testId="843f2ac4-32a2-7f26-9c71-9c6096b99c50" testName="calculateTotalPnLTest" computerName="VJASTI-LT" duration="00:00:00.0272547" startTime="2014-04-01T14:47:29.3096946-04:00" endTime="2014-04-01T14:47:29.5227372-04:00" testType="13cdc9d9-ddb5-4fa4-a97d-d965ccfc6d4b" outcome="Failed" testListId="8c84fa94-04c1-424b-9868-57a2d4851a1d" relativeResultsDirectory="426551a5-97ca-4653-b5cf-73f3ec376912">
      <Output>
        <ErrorInfo>
          <Message>Assert.AreEqual failed. Expected:&lt;0&gt;. Actual:&lt;200&gt;. </Message>
          <StackTrace>   at PerformanceCalculator.CalculatorTest.calculateTotalPnLTest() in C:\developer\code\c#\PerformanceCalculator\PerformanceCalculatorTest\CalculatorTest.cs:line 39
</StackTrace>
        </ErrorInfo>
      </Output>
    </UnitTestResult>
    <UnitTestResult executionId="a4be1252-d22a-4929-9096-3739d3f3b2e5" testId="94e02fc0-3e6f-4eff-c08c-cba1cc964723" testName="calculateDailyPnLTest" computerName="VJASTI-LT" duration="00:00:00.0003453" startTime="2014-04-01T14:47:29.5227372-04:00" endTime="2014-04-01T14:47:29.5267380-04:00" testType="13cdc9d9-ddb5-4fa4-a97d-d965ccfc6d4b" outcome="Passed" testListId="8c84fa94-04c1-424b-9868-57a2d4851a1d" relativeResultsDirectory="a4be1252-d22a-4929-9096-3739d3f3b2e5">
    </UnitTestResult>
  </Results>
</TestRun>