<?xml version="1.0" encoding="UTF-8"?>
<TestRun id="1eb7c126-7ab1-4d51-9cd3-ffb09304509e" name="vjasti@VJASTI-LT 2014-04-01 14:47:58" runUser="CRDHOME\vjasti" xmlns="http://microsoft.com/schemas/VisualStudio/TeamTest/2010">
  <TestSettings name="Local" id="5f9fd84d-a3bb-4311-95f7-7551bf5f83ab">
    <Description>These are default test settings for a local test run.</Description>
    <Deployment enabled="false" runDeploymentRoot="vjasti_VJASTI-LT 2014-04-01 14_47_58">
      <DeploymentItem filename="C:\developer\code\c#\PerformanceCalculator\PerformanceCalculator\bin\Debug\PerformanceCalculator.exe" />
    </Deployment>
    <Execution>
      <TestTypeSpecific />
      <AgentRule name="Execution Agents">
      </AgentRule>
    </Execution>
  </TestSettings>
  <Times creation="2014-04-01T14:47:58.0364388-04:00" queuing="2014-04-01T14:47:58.0444404-04:00" start="2014-04-01T14:47:58.0514418-04:00" finish="2014-04-01T14:47:58.2604836-04:00" />
  <ResultSummary outcome="Completed">
    <Counters total="2" executed="2" passed="2" error="0" failed="0" timeout="0" aborted="0" inconclusive="0" passedButRunAborted="0" notRunnable="0" notExecuted="0" disconnected="0" warning="0" completed="0" inProgress="0" pending="0" />
  </ResultSummary>
  <TestDefinitions>
    <UnitTest name="calculateDailyPnLTest" storage="c:\developer\code\c#\performancecalculator\performancecalculatortest\bin\debug\performancecalculatortest.dll" id="94e02fc0-3e6f-4eff-c08c-cba1cc964723">
      <Execution id="d1b0d62a-3aaa-47b8-b114-a1a05ed9a901" />
      <TestMethod codeBase="C:/developer/code/c#/PerformanceCalculator/PerformanceCalculatorTest/bin/Debug/PerformanceCalculatorTest.DLL" adapterTypeName="Microsoft.VisualStudio.TestTools.TestTypes.Unit.UnitTestAdapter, Microsoft.VisualStudio.QualityTools.Tips.UnitTest.Adapter, Version=10.0.0.0, Culture=neutral, PublicKeyToken=b03f5f7f11d50a3a" className="PerformanceCalculator.CalculatorTest, PerformanceCalculatorTest, Version=1.0.0.0, Culture=neutral, PublicKeyToken=null" name="calculateDailyPnLTest" />
    </UnitTest>
    <UnitTest name="calculateTotalPnLTest" storage="c:\developer\code\c#\performancecalculator\performancecalculatortest\bin\debug\performancecalculatortest.dll" id="843f2ac4-32a2-7f26-9c71-9c6096b99c50">
      <Execution id="86e3a85f-d901-4d45-8a65-0bccb5c8514b" />
      <TestMethod codeBase="C:/developer/code/c#/PerformanceCalculator/PerformanceCalculatorTest/bin/Debug/PerformanceCalculatorTest.DLL" adapterTypeName="Microsoft.VisualStudio.TestTools.TestTypes.Unit.UnitTestAdapter, Microsoft.VisualStudio.QualityTools.Tips.UnitTest.Adapter, Version=10.0.0.0, Culture=neutral, PublicKeyToken=b03f5f7f11d50a3a" className="PerformanceCalculator.CalculatorTest, PerformanceCalculatorTest, Version=1.0.0.0, Culture=neutral, PublicKeyToken=null" name="calculateTotalPnLTest" />
    </UnitTest>
  </TestDefinitions>
  <TestLists>
    <TestList name="Results Not in a List" id="8c84fa94-04c1-424b-9868-57a2d4851a1d" />
    <TestList name="All Loaded Results" id="19431567-8539-422a-85d7-44ee4e166bda" />
  </TestLists>
  <TestEntries>
    <TestEntry testId="843f2ac4-32a2-7f26-9c71-9c6096b99c50" executionId="86e3a85f-d901-4d45-8a65-0bccb5c8514b" testListId="8c84fa94-04c1-424b-9868-57a2d4851a1d" />
    <TestEntry testId="94e02fc0-3e6f-4eff-c08c-cba1cc964723" executionId="d1b0d62a-3aaa-47b8-b114-a1a05ed9a901" testListId="8c84fa94-04c1-424b-9868-57a2d4851a1d" />
  </TestEntries>
  <Results>
    <UnitTestResult executionId="86e3a85f-d901-4d45-8a65-0bccb5c8514b" testId="843f2ac4-32a2-7f26-9c71-9c6096b99c50" testName="calculateTotalPnLTest" computerName="VJASTI-LT" duration="00:00:00.0139470" startTime="2014-04-01T14:47:58.0544424-04:00" endTime="2014-04-01T14:47:58.2434802-04:00" testType="13cdc9d9-ddb5-4fa4-a97d-d965ccfc6d4b" outcome="Passed" testListId="8c84fa94-04c1-424b-9868-57a2d4851a1d" relativeResultsDirectory="86e3a85f-d901-4d45-8a65-0bccb5c8514b">
    </UnitTestResult>
    <UnitTestResult executionId="d1b0d62a-3aaa-47b8-b114-a1a05ed9a901" testId="94e02fc0-3e6f-4eff-c08c-cba1cc964723" testName="calculateDailyPnLTest" computerName="VJASTI-LT" duration="00:00:00.0005263" startTime="2014-04-01T14:47:58.2454806-04:00" endTime="2014-04-01T14:47:58.2494814-04:00" testType="13cdc9d9-ddb5-4fa4-a97d-d965ccfc6d4b" outcome="Passed" testListId="8c84fa94-04c1-424b-9868-57a2d4851a1d" relativeResultsDirectory="d1b0d62a-3aaa-47b8-b114-a1a05ed9a901">
    </UnitTestResult>
  </Results>
</TestRun>