<?xml version="1.0" encoding="UTF-8"?>
<TestRun id="e47d0809-ee90-45b2-a6fe-0bbd569a463f" name="vjasti@VJASTI-LT 2014-04-01 14:57:56" runUser="CRDHOME\vjasti" xmlns="http://microsoft.com/schemas/VisualStudio/TeamTest/2010">
  <TestSettings name="Local" id="5f9fd84d-a3bb-4311-95f7-7551bf5f83ab">
    <Description>These are default test settings for a local test run.</Description>
    <Deployment enabled="false" runDeploymentRoot="vjasti_VJASTI-LT 2014-04-01 14_57_56">
      <DeploymentItem filename="C:\developer\code\c#\PerformanceCalculator\PerformanceCalculator\bin\Debug\PerformanceCalculator.exe" />
    </Deployment>
    <Execution>
      <TestTypeSpecific />
      <AgentRule name="Execution Agents">
      </AgentRule>
    </Execution>
  </TestSettings>
  <Times creation="2014-04-01T14:57:56.5561188-04:00" queuing="2014-04-01T14:57:56.5661208-04:00" start="2014-04-01T14:57:56.5851246-04:00" finish="2014-04-01T14:57:56.9061888-04:00" />
  <ResultSummary outcome="Failed">
    <Counters total="3" executed="3" passed="2" error="0" failed="1" timeout="0" aborted="0" inconclusive="0" passedButRunAborted="0" notRunnable="0" notExecuted="0" disconnected="0" warning="0" completed="0" inProgress="0" pending="0" />
  </ResultSummary>
  <TestDefinitions>
    <UnitTest name="calculateTotalPnLTest" storage="c:\developer\code\c#\performancecalculator\performancecalculatortest\bin\debug\performancecalculatortest.dll" id="843f2ac4-32a2-7f26-9c71-9c6096b99c50">
      <Execution id="a95604b3-a16c-4ab4-8e95-ddd1a07da11b" />
      <TestMethod codeBase="C:/developer/code/c#/PerformanceCalculator/PerformanceCalculatorTest/bin/Debug/PerformanceCalculatorTest.DLL" adapterTypeName="Microsoft.VisualStudio.TestTools.TestTypes.Unit.UnitTestAdapter, Microsoft.VisualStudio.QualityTools.Tips.UnitTest.Adapter, Version=10.0.0.0, Culture=neutral, PublicKeyToken=b03f5f7f11d50a3a" className="PerformanceCalculator.CalculatorTest, PerformanceCalculatorTest, Version=1.0.0.0, Culture=neutral, PublicKeyToken=null" name="calculateTotalPnLTest" />
    </UnitTest>
    <UnitTest name="calculateDailyPnLTest" storage="c:\developer\code\c#\performancecalculator\performancecalculatortest\bin\debug\performancecalculatortest.dll" id="94e02fc0-3e6f-4eff-c08c-cba1cc964723">
      <Execution id="608ba151-8bbc-4332-970c-d5e86c482229" />
      <TestMethod codeBase="C:/developer/code/c#/PerformanceCalculator/PerformanceCalculatorTest/bin/Debug/PerformanceCalculatorTest.DLL" adapterTypeName="Microsoft.VisualStudio.TestTools.TestTypes.Unit.UnitTestAdapter, Microsoft.VisualStudio.QualityTools.Tips.UnitTest.Adapter, Version=10.0.0.0, Culture=neutral, PublicKeyToken=b03f5f7f11d50a3a" className="PerformanceCalculator.CalculatorTest, PerformanceCalculatorTest, Version=1.0.0.0, Culture=neutral, PublicKeyToken=null" name="calculateDailyPnLTest" />
    </UnitTest>
    <UnitTest name="calculatePortfolioTotalsTest" storage="c:\developer\code\c#\performancecalculator\performancecalculatortest\bin\debug\performancecalculatortest.dll" id="277612fd-b17b-db68-32b7-e03e4c2efd1f">
      <Execution id="dea5c8b6-c847-4e9d-8df9-c70ffd8db9ae" />
      <TestMethod codeBase="C:/developer/code/c#/PerformanceCalculator/PerformanceCalculatorTest/bin/Debug/PerformanceCalculatorTest.DLL" adapterTypeName="Microsoft.VisualStudio.TestTools.TestTypes.Unit.UnitTestAdapter, Microsoft.VisualStudio.QualityTools.Tips.UnitTest.Adapter, Version=10.0.0.0, Culture=neutral, PublicKeyToken=b03f5f7f11d50a3a" className="PerformanceCalculator.CalculatorTest, PerformanceCalculatorTest, Version=1.0.0.0, Culture=neutral, PublicKeyToken=null" name="calculatePortfolioTotalsTest" />
    </UnitTest>
  </TestDefinitions>
  <TestLists>
    <TestList name="Results Not in a List" id="8c84fa94-04c1-424b-9868-57a2d4851a1d" />
    <TestList name="All Loaded Results" id="19431567-8539-422a-85d7-44ee4e166bda" />
  </TestLists>
  <TestEntries>
    <TestEntry testId="277612fd-b17b-db68-32b7-e03e4c2efd1f" executionId="dea5c8b6-c847-4e9d-8df9-c70ffd8db9ae" testListId="8c84fa94-04c1-424b-9868-57a2d4851a1d" />
    <TestEntry testId="843f2ac4-32a2-7f26-9c71-9c6096b99c50" executionId="a95604b3-a16c-4ab4-8e95-ddd1a07da11b" testListId="8c84fa94-04c1-424b-9868-57a2d4851a1d" />
    <TestEntry testId="94e02fc0-3e6f-4eff-c08c-cba1cc964723" executionId="608ba151-8bbc-4332-970c-d5e86c482229" testListId="8c84fa94-04c1-424b-9868-57a2d4851a1d" />
  </TestEntries>
  <Results>
    <UnitTestResult executionId="dea5c8b6-c847-4e9d-8df9-c70ffd8db9ae" testId="277612fd-b17b-db68-32b7-e03e4c2efd1f" testName="calculatePortfolioTotalsTest" computerName="VJASTI-LT" duration="00:00:00.0340830" startTime="2014-04-01T14:57:56.6281332-04:00" endTime="2014-04-01T14:57:56.8741824-04:00" testType="13cdc9d9-ddb5-4fa4-a97d-d965ccfc6d4b" outcome="Failed" testListId="8c84fa94-04c1-424b-9868-57a2d4851a1d" relativeResultsDirectory="dea5c8b6-c847-4e9d-8df9-c70ffd8db9ae">
      <Output>
        <ErrorInfo>
          <Message>Assert.AreEqual failed. Expected:&lt;30&gt;. Actual:&lt;200&gt;. </Message>
          <StackTrace>   at PerformanceCalculator.CalculatorTest.calculatePortfolioTotalsTest() in C:\developer\code\c#\PerformanceCalculator\PerformanceCalculatorTest\CalculatorTest.cs:line 77
</StackTrace>
        </ErrorInfo>
      </Output>
    </UnitTestResult>
    <UnitTestResult executionId="a95604b3-a16c-4ab4-8e95-ddd1a07da11b" testId="843f2ac4-32a2-7f26-9c71-9c6096b99c50" testName="calculateTotalPnLTest" computerName="VJASTI-LT" duration="00:00:00.0007899" startTime="2014-04-01T14:57:56.8761828-04:00" endTime="2014-04-01T14:57:56.8831842-04:00" testType="13cdc9d9-ddb5-4fa4-a97d-d965ccfc6d4b" outcome="Passed" testListId="8c84fa94-04c1-424b-9868-57a2d4851a1d" relativeResultsDirectory="a95604b3-a16c-4ab4-8e95-ddd1a07da11b">
    </UnitTestResult>
    <UnitTestResult executionId="608ba151-8bbc-4332-970c-d5e86c482229" testId="94e02fc0-3e6f-4eff-c08c-cba1cc964723" testName="calculateDailyPnLTest" computerName="VJASTI-LT" duration="00:00:00.0005494" startTime="2014-04-01T14:57:56.8861848-04:00" endTime="2014-04-01T14:57:56.8921860-04:00" testType="13cdc9d9-ddb5-4fa4-a97d-d965ccfc6d4b" outcome="Passed" testListId="8c84fa94-04c1-424b-9868-57a2d4851a1d" relativeResultsDirectory="608ba151-8bbc-4332-970c-d5e86c482229">
    </UnitTestResult>
  </Results>
</TestRun>