<?xml version="1.0" encoding="UTF-8"?>
<TestRun id="ebe6235e-dbe1-4135-91f6-4fb7edfdc5b2" name="vjasti@VJASTI-LT 2014-04-01 14:38:26" runUser="CRDHOME\vjasti" xmlns="http://microsoft.com/schemas/VisualStudio/TeamTest/2010">
  <TestSettings name="Local" id="5f9fd84d-a3bb-4311-95f7-7551bf5f83ab">
    <Description>These are default test settings for a local test run.</Description>
    <Deployment enabled="false" runDeploymentRoot="vjasti_VJASTI-LT 2014-04-01 14_38_26">
      <DeploymentItem filename="C:\developer\code\c#\PerformanceCalculator\PerformanceCalculator\bin\Debug\PerformanceCalculator.exe" />
    </Deployment>
    <Execution>
      <TestTypeSpecific />
      <AgentRule name="Execution Agents">
      </AgentRule>
    </Execution>
  </TestSettings>
  <Times creation="2014-04-01T14:38:26.3651274-04:00" queuing="2014-04-01T14:38:26.9482440-04:00" start="2014-04-01T14:38:26.9962536-04:00" finish="2014-04-01T14:38:27.3953334-04:00" />
  <ResultSummary outcome="Failed">
    <Counters total="1" executed="1" error="0" failed="1" timeout="0" aborted="0" inconclusive="0" passedButRunAborted="0" notRunnable="0" notExecuted="0" disconnected="0" warning="0" passed="0" completed="0" inProgress="0" pending="0" />
  </ResultSummary>
  <TestDefinitions>
    <UnitTest name="calculateDailyPnL" storage="c:\developer\code\c#\performancecalculator\performancecalculatortest\bin\debug\performancecalculatortest.dll" id="b359ac73-bada-8576-09dc-507744b173a8">
      <Execution id="be719514-9f7b-4111-ae75-2f68f288e5d3" />
      <TestMethod codeBase="C:/developer/code/c#/PerformanceCalculator/PerformanceCalculatorTest/bin/Debug/PerformanceCalculatorTest.DLL" adapterTypeName="Microsoft.VisualStudio.TestTools.TestTypes.Unit.UnitTestAdapter, Microsoft.VisualStudio.QualityTools.Tips.UnitTest.Adapter, Version=10.0.0.0, Culture=neutral, PublicKeyToken=b03f5f7f11d50a3a" className="PerformanceCalculator.CalculatorTest, PerformanceCalculatorTest, Version=1.0.0.0, Culture=neutral, PublicKeyToken=null" name="calculateDailyPnL" />
    </UnitTest>
  </TestDefinitions>
  <TestLists>
    <TestList name="Results Not in a List" id="8c84fa94-04c1-424b-9868-57a2d4851a1d" />
    <TestList name="All Loaded Results" id="19431567-8539-422a-85d7-44ee4e166bda" />
  </TestLists>
  <TestEntries>
    <TestEntry testId="b359ac73-bada-8576-09dc-507744b173a8" executionId="be719514-9f7b-4111-ae75-2f68f288e5d3" testListId="8c84fa94-04c1-424b-9868-57a2d4851a1d" />
  </TestEntries>
  <Results>
    <UnitTestResult executionId="be719514-9f7b-4111-ae75-2f68f288e5d3" testId="b359ac73-bada-8576-09dc-507744b173a8" testName="calculateDailyPnL" computerName="VJASTI-LT" duration="00:00:00.0460729" startTime="2014-04-01T14:38:27.0342612-04:00" endTime="2014-04-01T14:38:27.3653274-04:00" testType="13cdc9d9-ddb5-4fa4-a97d-d965ccfc6d4b" outcome="Failed" testListId="8c84fa94-04c1-424b-9868-57a2d4851a1d" relativeResultsDirectory="be719514-9f7b-4111-ae75-2f68f288e5d3">
      <Output>
        <ErrorInfo>
          <Message>Assert.AreEqual failed. Expected:&lt;-2&gt;. Actual:&lt;2&gt;. </Message>
          <StackTrace>   at PerformanceCalculator.CalculatorTest.calculateDailyPnL() in C:\developer\code\c#\PerformanceCalculator\PerformanceCalculatorTest\CalculatorTest.cs:line 21
</StackTrace>
        </ErrorInfo>
      </Output>
    </UnitTestResult>
  </Results>
</TestRun>