<?xml version="1.0" encoding="UTF-8"?>
<TestRun id="ac2676a9-4bc9-4901-8b36-3bbe12e13c2b" name="vjasti@VJASTI-LT 2014-04-01 14:57:37" runUser="CRDHOME\vjasti" xmlns="http://microsoft.com/schemas/VisualStudio/TeamTest/2010">
  <TestSettings name="Local" id="5f9fd84d-a3bb-4311-95f7-7551bf5f83ab">
    <Description>These are default test settings for a local test run.</Description>
    <Deployment enabled="false" runDeploymentRoot="vjasti_VJASTI-LT 2014-04-01 14_57_37">
      <DeploymentItem filename="C:\developer\code\c#\PerformanceCalculator\PerformanceCalculator\bin\Debug\PerformanceCalculator.exe" />
    </Deployment>
    <Execution>
      <TestTypeSpecific />
      <AgentRule name="Execution Agents">
      </AgentRule>
    </Execution>
  </TestSettings>
  <Times creation="2014-04-01T14:57:37.8503784-04:00" queuing="2014-04-01T14:57:37.8683820-04:00" start="2014-04-01T14:57:37.8743832-04:00" finish="2014-04-01T14:57:38.1274338-04:00" />
  <ResultSummary outcome="Failed">
    <Counters total="3" executed="3" passed="2" error="0" failed="1" timeout="0" aborted="0" inconclusive="0" passedButRunAborted="0" notRunnable="0" notExecuted="0" disconnected="0" warning="0" completed="0" inProgress="0" pending="0" />
  </ResultSummary>
  <TestDefinitions>
    <UnitTest name="calculateTotalPnLTest" storage="c:\developer\code\c#\performancecalculator\performancecalculatortest\bin\debug\performancecalculatortest.dll" id="843f2ac4-32a2-7f26-9c71-9c6096b99c50">
      <Execution id="3f0d5858-314d-4472-8191-8c5ce98caae4" />
      <TestMethod codeBase="C:/developer/code/c#/PerformanceCalculator/PerformanceCalculatorTest/bin/Debug/PerformanceCalculatorTest.DLL" adapterTypeName="Microsoft.VisualStudio.TestTools.TestTypes.Unit.UnitTestAdapter, Microsoft.VisualStudio.QualityTools.Tips.UnitTest.Adapter, Version=10.0.0.0, Culture=neutral, PublicKeyToken=b03f5f7f11d50a3a" className="PerformanceCalculator.CalculatorTest, PerformanceCalculatorTest, Version=1.0.0.0, Culture=neutral, PublicKeyToken=null" name="calculateTotalPnLTest" />
    </UnitTest>
    <UnitTest name="calculateDailyPnLTest" storage="c:\developer\code\c#\performancecalculator\performancecalculatortest\bin\debug\performancecalculatortest.dll" id="94e02fc0-3e6f-4eff-c08c-cba1cc964723">
      <Execution id="57c7b3bd-f8e8-4c49-a257-20f0ffdcee30" />
      <TestMethod codeBase="C:/developer/code/c#/PerformanceCalculator/PerformanceCalculatorTest/bin/Debug/PerformanceCalculatorTest.DLL" adapterTypeName="Microsoft.VisualStudio.TestTools.TestTypes.Unit.UnitTestAdapter, Microsoft.VisualStudio.QualityTools.Tips.UnitTest.Adapter, Version=10.0.0.0, Culture=neutral, PublicKeyToken=b03f5f7f11d50a3a" className="PerformanceCalculator.CalculatorTest, PerformanceCalculatorTest, Version=1.0.0.0, Culture=neutral, PublicKeyToken=null" name="calculateDailyPnLTest" />
    </UnitTest>
    <UnitTest name="calculatePortfolioTotalsTest" storage="c:\developer\code\c#\performancecalculator\performancecalculatortest\bin\debug\performancecalculatortest.dll" id="277612fd-b17b-db68-32b7-e03e4c2efd1f">
      <Execution id="f71e6e41-2bbc-41da-b4ff-1f2dd4498aea" />
      <TestMethod codeBase="C:/developer/code/c#/PerformanceCalculator/PerformanceCalculatorTest/bin/Debug/PerformanceCalculatorTest.DLL" adapterTypeName="Microsoft.VisualStudio.TestTools.TestTypes.Unit.UnitTestAdapter, Microsoft.VisualStudio.QualityTools.Tips.UnitTest.Adapter, Version=10.0.0.0, Culture=neutral, PublicKeyToken=b03f5f7f11d50a3a" className="PerformanceCalculator.CalculatorTest, PerformanceCalculatorTest, Version=1.0.0.0, Culture=neutral, PublicKeyToken=null" name="calculatePortfolioTotalsTest" />
    </UnitTest>
  </TestDefinitions>
  <TestLists>
    <TestList name="Results Not in a List" id="8c84fa94-04c1-424b-9868-57a2d4851a1d" />
    <TestList name="All Loaded Results" id="19431567-8539-422a-85d7-44ee4e166bda" />
  </TestLists>
  <TestEntries>
    <TestEntry testId="277612fd-b17b-db68-32b7-e03e4c2efd1f" executionId="f71e6e41-2bbc-41da-b4ff-1f2dd4498aea" testListId="8c84fa94-04c1-424b-9868-57a2d4851a1d" />
    <TestEntry testId="843f2ac4-32a2-7f26-9c71-9c6096b99c50" executionId="3f0d5858-314d-4472-8191-8c5ce98caae4" testListId="8c84fa94-04c1-424b-9868-57a2d4851a1d" />
    <TestEntry testId="94e02fc0-3e6f-4eff-c08c-cba1cc964723" executionId="57c7b3bd-f8e8-4c49-a257-20f0ffdcee30" testListId="8c84fa94-04c1-424b-9868-57a2d4851a1d" />
  </TestEntries>
  <Results>
    <UnitTestResult executionId="f71e6e41-2bbc-41da-b4ff-1f2dd4498aea" testId="277612fd-b17b-db68-32b7-e03e4c2efd1f" testName="calculatePortfolioTotalsTest" computerName="VJASTI-LT" duration="00:00:00.0284662" startTime="2014-04-01T14:57:37.8933870-04:00" endTime="2014-04-01T14:57:38.0974278-04:00" testType="13cdc9d9-ddb5-4fa4-a97d-d965ccfc6d4b" outcome="Failed" testListId="8c84fa94-04c1-424b-9868-57a2d4851a1d" relativeResultsDirectory="f71e6e41-2bbc-41da-b4ff-1f2dd4498aea">
      <Output>
        <ErrorInfo>
          <Message>Assert.AreEqual failed. Expected:&lt;360&gt;. Actual:&lt;200&gt;. </Message>
          <StackTrace>   at PerformanceCalculator.CalculatorTest.calculatePortfolioTotalsTest() in C:\developer\code\c#\PerformanceCalculator\PerformanceCalculatorTest\CalculatorTest.cs:line 76
</StackTrace>
        </ErrorInfo>
      </Output>
    </UnitTestResult>
    <UnitTestResult executionId="3f0d5858-314d-4472-8191-8c5ce98caae4" testId="843f2ac4-32a2-7f26-9c71-9c6096b99c50" testName="calculateTotalPnLTest" computerName="VJASTI-LT" duration="00:00:00.0008731" startTime="2014-04-01T14:57:38.0994282-04:00" endTime="2014-04-01T14:57:38.1054294-04:00" testType="13cdc9d9-ddb5-4fa4-a97d-d965ccfc6d4b" outcome="Passed" testListId="8c84fa94-04c1-424b-9868-57a2d4851a1d" relativeResultsDirectory="3f0d5858-314d-4472-8191-8c5ce98caae4">
    </UnitTestResult>
    <UnitTestResult executionId="57c7b3bd-f8e8-4c49-a257-20f0ffdcee30" testId="94e02fc0-3e6f-4eff-c08c-cba1cc964723" testName="calculateDailyPnLTest" computerName="VJASTI-LT" duration="00:00:00.0004559" startTime="2014-04-01T14:57:38.1084300-04:00" endTime="2014-04-01T14:57:38.1144312-04:00" testType="13cdc9d9-ddb5-4fa4-a97d-d965ccfc6d4b" outcome="Passed" testListId="8c84fa94-04c1-424b-9868-57a2d4851a1d" relativeResultsDirectory="57c7b3bd-f8e8-4c49-a257-20f0ffdcee30">
    </UnitTestResult>
  </Results>
</TestRun>